<?xml version="1.0" encoding="UTF-8"?>
<testsuite name="selftest.SelfTestRunnerTest" tests="1" skipped="0" failures="0" errors="0" timestamp="2026-06-01T23:17:45.497Z" hostname="YIUMACJ" time="5.021">
  <properties/>
  <testcase name="discoversAndRunsRegisteredSelfTests" classname="selftest.SelfTestRunnerTest" time="5.021"/>
  <system-out><![CDATA[[2026-06-02 04:17:45.500][Info][Test worker][selftest.SelfTestRunner] discovery | Discovered 3 self-tests.
[2026-06-02 04:17:45.501][Info][Test worker][runtime.LaunchOptions] parse_args | mode=CLIENT, host=10.10.10.10, port=6000
[2026-06-02 04:17:45.502][Info][Test worker][selftest.SelfTestRunner] test_passed | LaunchOptions parsing (1 ms)
[2026-06-02 04:17:45.503][Info][Test worker][selftest.SelfTestRunner] test_passed | Wire protocol encode/decode (0 ms)
Iterations: 200000
Formatter: 312.990 ms, 1565.0 ns/op
MessageFormat without cache: 627.431 ms, 3137.2 ns/op
MessageFormat with cache: 170.594 ms, 853.0 ns/op
Cached MessageFormat speedup vs no cache: 3.68x
Cached MessageFormat speedup vs Formatter: 1.83x
[2026-06-02 04:17:50.517][Info][Test worker][selftest.SelfTestRunner] test_passed | Message formatting benchmark (5013 ms)
[2026-06-02 04:17:50.518][Info][Test worker][selftest.SelfTestRunner] summary | total=3, failed=0
]]></system-out>
  <system-err><![CDATA[]]></system-err>
</testsuite>
