<?xml version="1.0" encoding="UTF-8"?>
<testsuite name="log.LoggerTest" tests="2" skipped="0" failures="0" errors="0" timestamp="2026-04-16T09:53:31.582Z" hostname="YIUMACJ" time="0.003">
  <properties/>
  <testcase name="includesLevelSourceThreadAndThrowableInFormattedMessage" classname="log.LoggerTest" time="0.003"/>
  <testcase name="routesMessageToAllConfiguredSinks" classname="log.LoggerTest" time="0.0"/>
  <system-out><![CDATA[]]></system-out>
  <system-err><![CDATA[]]></system-err>
</testsuite>
