<?xml version="1.0" encoding="UTF-8"?>
<testsuite name="controller.DefaultApplicationControllerTest" tests="4" skipped="0" failures="0" errors="0" timestamp="2026-03-17T07:26:37.070Z" hostname="YIUMACJ" time="0.298">
  <properties/>
  <testcase name="activateWindowReopensClosedInternalFrame" classname="controller.DefaultApplicationControllerTest" time="0.202"/>
  <testcase name="showWindowDelegatesToFrame" classname="controller.DefaultApplicationControllerTest" time="0.051"/>
  <testcase name="openSettingsUsesSameWindowActivationPath" classname="controller.DefaultApplicationControllerTest" time="0.024"/>
  <testcase name="exitSavesStateAndStopsGameLoop" classname="controller.DefaultApplicationControllerTest" time="0.02"/>
  <system-out><![CDATA[]]></system-out>
  <system-err><![CDATA[]]></system-err>
</testsuite>
