<?xml version="1.0" encoding="UTF-8"?>
<testsuite name="network.RobotGameServerIntegrationTest" tests="2" skipped="0" failures="0" errors="0" timestamp="2026-06-01T23:17:45.423Z" hostname="YIUMACJ" time="0.066">
  <properties/>
  <testcase name="lastWriteWinsForSequentialCommands" classname="network.RobotGameServerIntegrationTest" time="0.057"/>
  <testcase name="serverAcceptsMultipleClientsAndPropagatesTargetChanges" classname="network.RobotGameServerIntegrationTest" time="0.009"/>
  <system-out><![CDATA[[2026-06-02 04:17:45.429][Info][Test worker][network.RobotGameServer] start | Server started on port 58916
[2026-06-02 04:17:45.430][Info][Test worker][network.RobotGameClient] connect | Connecting to localhost:58916
[2026-06-02 04:17:45.437][Info][robot-server-accept-58916][network.RobotGameServer] client_connected | d0d3ea88-28d5-450a-86c2-a0c91dc9fc59
[2026-06-02 04:17:45.477][Debug][pool-1-thread-1][model.RobotModel] set_target | x=120, y=90
[2026-06-02 04:17:45.478][Debug][pool-1-thread-1][network.RobotGameServer] set_target | client=d0d3ea88-28d5-450a-86c2-a0c91dc9fc59, x=120, y=90
[2026-06-02 04:17:45.478][Debug][pool-1-thread-1][model.RobotModel] set_target | x=180, y=140
[2026-06-02 04:17:45.478][Debug][pool-1-thread-1][network.RobotGameServer] set_target | client=d0d3ea88-28d5-450a-86c2-a0c91dc9fc59, x=180, y=140
[2026-06-02 04:17:45.480][Info][Test worker][network.RobotGameServer] stop | Server stopped.
[2026-06-02 04:17:45.480][Info][pool-1-thread-1][network.RobotGameServer] client_disconnected | d0d3ea88-28d5-450a-86c2-a0c91dc9fc59
[2026-06-02 04:17:45.481][Warning][robot-client-reader-localhost-58916][network.RobotGameClient] disconnected | Connection error: Socket closed
[2026-06-02 04:17:45.481][Info][Test worker][network.RobotGameServer] start | Server started on port 58918
[2026-06-02 04:17:45.481][Info][Test worker][network.RobotGameClient] connect | Connecting to localhost:58918
[2026-06-02 04:17:45.483][Info][Test worker][network.RobotGameClient] connect | Connecting to localhost:58918
[2026-06-02 04:17:45.483][Info][robot-server-accept-58918][network.RobotGameServer] client_connected | e0ccca91-9c5c-4e2f-9b57-6543fa654c05
[2026-06-02 04:17:45.485][Info][robot-server-accept-58918][network.RobotGameServer] client_connected | 35a23281-0ef3-4723-ac59-3f95c00c1ead
[2026-06-02 04:17:45.486][Debug][pool-2-thread-1][model.RobotModel] set_target | x=300, y=220
[2026-06-02 04:17:45.486][Debug][pool-2-thread-1][network.RobotGameServer] set_target | client=e0ccca91-9c5c-4e2f-9b57-6543fa654c05, x=300, y=220
[2026-06-02 04:17:45.487][Info][pool-2-thread-1][network.RobotGameServer] client_disconnected | e0ccca91-9c5c-4e2f-9b57-6543fa654c05
[2026-06-02 04:17:45.487][Info][pool-2-thread-2][network.RobotGameServer] client_disconnected | 35a23281-0ef3-4723-ac59-3f95c00c1ead
[2026-06-02 04:17:45.487][Info][Test worker][network.RobotGameServer] stop | Server stopped.
[2026-06-02 04:17:45.489][Warning][robot-client-reader-localhost-58918][network.RobotGameClient] disconnected | Connection error: Socket closed
]]></system-out>
  <system-err><![CDATA[[2026-06-02 04:17:45.480][Error][robot-client-reader-localhost-58916][network.RobotGameClient] read_failed | Connection error while reading server stream.
java.net.SocketException: Socket closed
	at java.net.SocketInputStream.socketRead0(Native Method)
	at java.net.SocketInputStream.socketRead(SocketInputStream.java:116)
	at java.net.SocketInputStream.read(SocketInputStream.java:171)
	at java.net.SocketInputStream.read(SocketInputStream.java:141)
	at sun.nio.cs.StreamDecoder.readBytes(StreamDecoder.java:284)
	at sun.nio.cs.StreamDecoder.implRead(StreamDecoder.java:326)
	at sun.nio.cs.StreamDecoder.read(StreamDecoder.java:178)
	at java.io.InputStreamReader.read(InputStreamReader.java:184)
	at java.io.BufferedReader.fill(BufferedReader.java:161)
	at java.io.BufferedReader.readLine(BufferedReader.java:324)
	at java.io.BufferedReader.readLine(BufferedReader.java:389)
	at network.RobotGameClient.readLoop(RobotGameClient.java:131)
	at network.RobotGameClient.lambda$connect$0(RobotGameClient.java:62)
	at java.lang.Thread.run(Thread.java:750)

[2026-06-02 04:17:45.487][Error][robot-client-reader-localhost-58918][network.RobotGameClient] read_failed | Connection error while reading server stream.
java.net.SocketException: Socket closed
	at java.net.SocketInputStream.socketRead0(Native Method)
	at java.net.SocketInputStream.socketRead(SocketInputStream.java:116)
	at java.net.SocketInputStream.read(SocketInputStream.java:171)
	at java.net.SocketInputStream.read(SocketInputStream.java:141)
	at sun.nio.cs.StreamDecoder.readBytes(StreamDecoder.java:284)
	at sun.nio.cs.StreamDecoder.implRead(StreamDecoder.java:326)
	at sun.nio.cs.StreamDecoder.read(StreamDecoder.java:178)
	at java.io.InputStreamReader.read(InputStreamReader.java:184)
	at java.io.BufferedReader.fill(BufferedReader.java:161)
	at java.io.BufferedReader.readLine(BufferedReader.java:324)
	at java.io.BufferedReader.readLine(BufferedReader.java:389)
	at network.RobotGameClient.readLoop(RobotGameClient.java:131)
	at network.RobotGameClient.lambda$connect$0(RobotGameClient.java:62)
	at java.lang.Thread.run(Thread.java:750)

[2026-06-02 04:17:45.487][Error][robot-client-reader-localhost-58918][network.RobotGameClient] read_failed | Connection error while reading server stream.
java.net.SocketException: Socket closed
	at java.net.SocketInputStream.socketRead0(Native Method)
	at java.net.SocketInputStream.socketRead(SocketInputStream.java:116)
	at java.net.SocketInputStream.read(SocketInputStream.java:171)
	at java.net.SocketInputStream.read(SocketInputStream.java:141)
	at sun.nio.cs.StreamDecoder.readBytes(StreamDecoder.java:284)
	at sun.nio.cs.StreamDecoder.implRead(StreamDecoder.java:326)
	at sun.nio.cs.StreamDecoder.read(StreamDecoder.java:178)
	at java.io.InputStreamReader.read(InputStreamReader.java:184)
	at java.io.BufferedReader.fill(BufferedReader.java:161)
	at java.io.BufferedReader.readLine(BufferedReader.java:324)
	at java.io.BufferedReader.readLine(BufferedReader.java:389)
	at network.RobotGameClient.readLoop(RobotGameClient.java:131)
	at network.RobotGameClient.lambda$connect$0(RobotGameClient.java:62)
	at java.lang.Thread.run(Thread.java:750)

]]></system-err>
</testsuite>
