<?xml version="1.0" encoding="UTF-8"?>
<testsuite name="controller.DefaultGameControllerTest" tests="2" skipped="0" failures="0" errors="0" timestamp="2026-03-17T07:26:37.371Z" hostname="YIUMACJ" time="0.003">
  <properties/>
  <testcase name="tickPublishesUpdatedState" classname="controller.DefaultGameControllerTest" time="0.002"/>
  <testcase name="clickUpdatesTargetThroughController" classname="controller.DefaultGameControllerTest" time="0.001"/>
  <system-out><![CDATA[]]></system-out>
  <system-err><![CDATA[]]></system-err>
</testsuite>
