<?xml version="1.0" encoding="UTF-8"?>
<testsuite name="log.RollingFileLogSinkTest" tests="2" skipped="0" failures="0" errors="0" timestamp="2026-06-01T23:17:44.956Z" hostname="YIUMACJ" time="0.464">
  <properties/>
  <testcase name="flushesActiveLogOnClose" classname="log.RollingFileLogSinkTest" time="0.011"/>
  <testcase name="rotatesArchivesAndKeepsRetentionLimit" classname="log.RollingFileLogSinkTest" time="0.453"/>
  <system-out><![CDATA[]]></system-out>
  <system-err><![CDATA[]]></system-err>
</testsuite>
