<?xml version="1.0" encoding="UTF-8"?>
<testsuite name="log.RollingFileLogSinkTest" tests="2" skipped="0" failures="0" errors="0" timestamp="2026-04-16T09:53:31.587Z" hostname="YIUMACJ" time="0.473">
  <properties/>
  <testcase name="flushesActiveLogOnClose" classname="log.RollingFileLogSinkTest" time="0.011"/>
  <testcase name="rotatesArchivesAndKeepsRetentionLimit" classname="log.RollingFileLogSinkTest" time="0.462"/>
  <system-out><![CDATA[]]></system-out>
  <system-err><![CDATA[]]></system-err>
</testsuite>
