<?xml version="1.0" encoding="UTF-8"?>
<testsuite name="service.FileWindowStateServiceTest" tests="2" skipped="0" failures="0" errors="0" timestamp="2026-03-17T07:26:37.378Z" hostname="YIUMACJ" time="0.046">
  <properties/>
  <testcase name="savesAndLoadsWindowBounds" classname="service.FileWindowStateServiceTest" time="0.026"/>
  <testcase name="brokenGeometryFallsBackToDefaults" classname="service.FileWindowStateServiceTest" time="0.02"/>
  <system-out><![CDATA[]]></system-out>
  <system-err><![CDATA[]]></system-err>
</testsuite>
